<?xml version="1.0" encoding="UTF-8"?>
<!-- Generated by org.testng.reporters.JUnitXMLReporter -->
<testsuite ignored="0" hostname="Kinnes" failures="0" tests="3" name="Default test" time="0.092" errors="0" timestamp="2025-07-25T23:40:47 IST">
  <testcase classname="testNgBasics._04_LearnAttributes4" name="login" time="0.015"/>
  <testcase classname="testNgBasics._04_LearnAttributes4" name="searchProduct" time="0.001"/>
  <testcase classname="testNgBasics._04_LearnAttributes4" name="signUp" time="0.003"/>
</testsuite> <!-- Default test -->
