<?xml version="1.0" encoding="UTF-8"?>
<testng-results ignored="0" total="1" passed="1" failed="0" skipped="0">
  <reporter-output>
  </reporter-output>
  <suite started-at="2025-07-31T01:27:48 IST" name="Default suite" finished-at="2025-07-31T01:28:13 IST" duration-ms="24999">
    <groups>
    </groups>
    <test started-at="2025-07-31T01:27:48 IST" name="Default test" finished-at="2025-07-31T01:28:13 IST" duration-ms="24999">
      <class name="org.learn.test.GoogleTest">
        <test-method signature="searchKinnes()[pri:0, instance:org.learn.test.GoogleTest@7e057f43]" started-at="2025-07-31T01:27:48 IST" name="searchKinnes" finished-at="2025-07-31T01:28:13 IST" duration-ms="24911" status="PASS">
          <reporter-output>
          </reporter-output>
        </test-method> <!-- searchKinnes -->
      </class> <!-- org.learn.test.GoogleTest -->
    </test> <!-- Default test -->
  </suite> <!-- Default suite -->
</testng-results>
