<?xml version="1.0" encoding="UTF-8"?>
<testng-results ignored="0" total="2" passed="2" failed="0" skipped="0">
  <reporter-output>
  </reporter-output>
  <suite started-at="2025-07-28T00:56:32 IST" name="Default suite" finished-at="2025-07-28T00:56:47 IST" duration-ms="14191">
    <groups>
    </groups>
    <test started-at="2025-07-28T00:56:32 IST" name="Default test" finished-at="2025-07-28T00:56:47 IST" duration-ms="14191">
      <class name="testNgBasics._08_LeanDataProvider">
        <test-method signature="test(java.lang.String,java.lang.String)[pri:0, instance:testNgBasics._08_LeanDataProvider@1283bb96]" started-at="2025-07-28T00:56:32 IST" name="test" data-provider="loginData" finished-at="2025-07-28T00:56:39 IST" duration-ms="7008" status="PASS">
          <params>
            <param index="0">
              <value>
                <![CDATA[student]]>
              </value>
            </param>
            <param index="1">
              <value>
                <![CDATA[Password123]]>
              </value>
            </param>
          </params>
          <reporter-output>
          </reporter-output>
        </test-method> <!-- test -->
        <test-method signature="test(java.lang.String,java.lang.String)[pri:0, instance:testNgBasics._08_LeanDataProvider@1283bb96]" started-at="2025-07-28T00:56:39 IST" name="test" data-provider="loginData" finished-at="2025-07-28T00:56:46 IST" duration-ms="7104" status="PASS">
          <params>
            <param index="0">
              <value>
                <![CDATA[student]]>
              </value>
            </param>
            <param index="1">
              <value>
                <![CDATA[Password123]]>
              </value>
            </param>
          </params>
          <reporter-output>
          </reporter-output>
        </test-method> <!-- test -->
      </class> <!-- testNgBasics._08_LeanDataProvider -->
    </test> <!-- Default test -->
  </suite> <!-- Default suite -->
</testng-results>
