<?xml version="1.0" encoding="UTF-8"?>
<!-- Generated by org.testng.reporters.JUnitXMLReporter -->
<testsuite ignored="5" hostname="Kinnes" failures="0" tests="0" time="0.011" errors="0" timestamp="2025-07-27T23:28:39 IST">
  <testcase classname="testNgBasics._06_LerarnGroups" name="signOut" time="0.0">
    <ignored/>
  </testcase> <!-- signOut -->
  <testcase classname="testNgBasics._06_LerarnGroups" name="searchProduct" time="0.0">
    <ignored/>
  </testcase> <!-- searchProduct -->
  <testcase classname="testNgBasics._06_LerarnGroups" name="singUp" time="0.0">
    <ignored/>
  </testcase> <!-- singUp -->
  <testcase classname="testNgBasics._06_LerarnGroups" name="addToCart" time="0.0">
    <ignored/>
  </testcase> <!-- addToCart -->
  <testcase classname="testNgBasics._06_LerarnGroups" name="login" time="0.0">
    <ignored/>
  </testcase> <!-- login -->
</testsuite>
