<?xml version="1.0" encoding="UTF-8"?>
<!-- Generated by org.testng.reporters.JUnitXMLReporter -->
<testsuite ignored="0" hostname="Kinnes" failures="0" tests="3" name="Test" time="31.965" errors="0" timestamp="2025-07-28T23:53:12 IST">
  <testcase classname="testNgBasics._08_LeanDataProvider" name="test" time="10.953"/>
  <testcase classname="testNgBasics._08_LeanDataProvider" name="test" time="11.469"/>
  <testcase classname="testNgBasics._08_LeanDataProvider" name="test" time="8.134"/>
</testsuite> <!-- Test -->
